# JRE version: OpenJDK Runtime Environment Temurin-21.0.3+9 (21.0.3+9) (build 21.0.3+9-LTS)
# Java VM: OpenJDK 64-Bit Server VM Temurin-21.0.3+9 (21.0.3+9-LTS, mixed mode, emulated-client, tiered, compressed oops, compressed class ptrs, g1 gc, windows-amd64)
GC Precious Log:
 CardTable entry size: 512
 Card Set container configuration: InlinePtr #cards 4 size 8 Array Of Cards #cards 32 size 80 Howl #buckets 8 coarsen threshold 7372 Howl Bitmap #cards 1024 size 144 coarsen threshold 921 Card regions per heap region 1 cards per card region 8192
 CPUs: 12 total, 12 available
 Memory: 32538M
 Large Page Support: Disabled
 NUMA Support: Disabled
 Compressed Oops: Enabled (Zero based)
 Heap Region Size: 4M
 Heap Min Capacity: 8M
 Heap Initial Capacity: 512M
 Heap Max Capacity: 8136M
 Pre-touch: Disabled
 Parallel Workers: 10
 Concurrent Workers: 3
 Concurrent Refinement Workers: 10
 Periodic GC: Disabled
Heap:
 garbage-first heap   total 81920K, used 31103K [0x0000000603800000, 0x0000000800000000)
  region size 4096K, 4 young (16384K), 1 survivors (4096K)
 Metaspace       used 58507K, committed 59328K, reserved 1114112K
  class space    used 7124K, committed 7424K, reserved 1048576K
GC Heap History (20 events):
Event: 865.729 GC heap before
{Heap before GC invocations=59 (full 22):
 garbage-first heap   total 81920K, used 39172K [0x0000000603800000, 0x0000000800000000)
  region size 4096K, 6 young (24576K), 1 survivors (4096K)
 Metaspace       used 58303K, committed 59072K, reserved 1114112K
  class space    used 7088K, committed 7424K, reserved 1048576K
}
Event: 865.757 GC heap after
{Heap after GC invocations=60 (full 23):
 garbage-first heap   total 81920K, used 19501K [0x0000000603800000, 0x0000000800000000)
  region size 4096K, 0 young (0K), 0 survivors (0K)
 Metaspace       used 58301K, committed 59072K, reserved 1114112K
  class space    used 7088K, committed 7424K, reserved 1048576K
}
Event: 865.976 GC heap before
{Heap before GC invocations=60 (full 23):
 garbage-first heap   total 81920K, used 64557K [0x0000000603800000, 0x0000000800000000)
  region size 4096K, 11 young (45056K), 0 survivors (0K)
 Metaspace       used 58344K, committed 59136K, reserved 1114112K
  class space    used 7095K, committed 7424K, reserved 1048576K
}
Event: 865.977 GC heap after
{Heap after GC invocations=61 (full 23):
 garbage-first heap   total 81920K, used 23321K [0x0000000603800000, 0x0000000800000000)
  region size 4096K, 1 young (4096K), 1 survivors (4096K)
 Metaspace       used 58344K, committed 59136K, reserved 1114112K
  class space    used 7095K, committed 7424K, reserved 1048576K
}
Event: 888.844 GC heap before
{Heap before GC invocations=61 (full 23):
 garbage-first heap   total 81920K, used 31513K [0x0000000603800000, 0x0000000800000000)
  region size 4096K, 4 young (16384K), 1 survivors (4096K)
 Metaspace       used 58347K, committed 59136K, reserved 1114112K
  class space    used 7096K, committed 7424K, reserved 1048576K
}
Event: 888.872 GC heap after
{Heap after GC invocations=62 (full 24):
 garbage-first heap   total 81920K, used 19310K [0x0000000603800000, 0x0000000800000000)
  region size 4096K, 0 young (0K), 0 survivors (0K)
 Metaspace       used 58344K, committed 59136K, reserved 1114112K
  class space    used 7095K, committed 7424K, reserved 1048576K
}
Event: 889.093 GC heap before
{Heap before GC invocations=62 (full 24):
 garbage-first heap   total 81920K, used 60270K [0x0000000603800000, 0x0000000800000000)
  region size 4096K, 11 young (45056K), 0 survivors (0K)
 Metaspace       used 58387K, committed 59200K, reserved 1114112K
  class space    used 7103K, committed 7424K, reserved 1048576K
}
Event: 889.094 GC heap after
{Heap after GC invocations=63 (full 24):
 garbage-first heap   total 81920K, used 23096K [0x0000000603800000, 0x0000000800000000)
  region size 4096K, 1 young (4096K), 1 survivors (4096K)
 Metaspace       used 58387K, committed 59200K, reserved 1114112K
  class space    used 7103K, committed 7424K, reserved 1048576K
}
Event: 929.293 GC heap before
{Heap before GC invocations=63 (full 24):
 garbage-first heap   total 81920K, used 31288K [0x0000000603800000, 0x0000000800000000)
  region size 4096K, 4 young (16384K), 1 survivors (4096K)
 Metaspace       used 58403K, committed 59200K, reserved 1114112K
  class space    used 7106K, committed 7424K, reserved 1048576K
}
Event: 929.321 GC heap after
{Heap after GC invocations=64 (full 25):
 garbage-first heap   total 81920K, used 19229K [0x0000000603800000, 0x0000000800000000)
  region size 4096K, 0 young (0K), 0 survivors (0K)
 Metaspace       used 58372K, committed 59200K, reserved 1114112K
  class space    used 7098K, committed 7424K, reserved 1048576K
}
Event: 929.539 GC heap before
{Heap before GC invocations=64 (full 25):
 garbage-first heap   total 81920K, used 60189K [0x0000000603800000, 0x0000000800000000)
  region size 4096K, 11 young (45056K), 0 survivors (0K)
 Metaspace       used 58414K, committed 59200K, reserved 1114112K
  class space    used 7106K, committed 7424K, reserved 1048576K
}
Event: 929.541 GC heap after
{Heap after GC invocations=65 (full 25):
 garbage-first heap   total 81920K, used 22878K [0x0000000603800000, 0x0000000800000000)
  region size 4096K, 1 young (4096K), 1 survivors (4096K)
 Metaspace       used 58414K, committed 59200K, reserved 1114112K
  class space    used 7106K, committed 7424K, reserved 1048576K
}
Event: 1046.320 GC heap before
{Heap before GC invocations=65 (full 25):
 garbage-first heap   total 81920K, used 39262K [0x0000000603800000, 0x0000000800000000)
  region size 4096K, 6 young (24576K), 1 survivors (4096K)
 Metaspace       used 58423K, committed 59200K, reserved 1114112K
  class space    used 7107K, committed 7424K, reserved 1048576K
}
Event: 1046.350 GC heap after
{Heap after GC invocations=66 (full 26):
 garbage-first heap   total 81920K, used 19146K [0x0000000603800000, 0x0000000800000000)
  region size 4096K, 0 young (0K), 0 survivors (0K)
 Metaspace       used 58421K, committed 59200K, reserved 1114112K
  class space    used 7107K, committed 7424K, reserved 1048576K
}
Event: 1046.573 GC heap before
{Heap before GC invocations=66 (full 26):
 garbage-first heap   total 81920K, used 60106K [0x0000000603800000, 0x0000000800000000)
  region size 4096K, 11 young (45056K), 0 survivors (0K)
 Metaspace       used 58463K, committed 59264K, reserved 1114112K
  class space    used 7116K, committed 7424K, reserved 1048576K
}
Event: 1046.574 GC heap after
{Heap after GC invocations=67 (full 26):
 garbage-first heap   total 81920K, used 22921K [0x0000000603800000, 0x0000000800000000)
  region size 4096K, 1 young (4096K), 1 survivors (4096K)
 Metaspace       used 58463K, committed 59264K, reserved 1114112K
  class space    used 7116K, committed 7424K, reserved 1048576K
}
Event: 1067.837 GC heap before
{Heap before GC invocations=67 (full 26):
 garbage-first heap   total 81920K, used 31113K [0x0000000603800000, 0x0000000800000000)
  region size 4096K, 4 young (16384K), 1 survivors (4096K)
 Metaspace       used 58466K, committed 59264K, reserved 1114112K
  class space    used 7116K, committed 7424K, reserved 1048576K
}
Event: 1067.870 GC heap after
{Heap after GC invocations=68 (full 27):
 garbage-first heap   total 81920K, used 19156K [0x0000000603800000, 0x0000000800000000)
  region size 4096K, 0 young (0K), 0 survivors (0K)
 Metaspace       used 58452K, committed 59264K, reserved 1114112K
  class space    used 7113K, committed 7424K, reserved 1048576K
}
Event: 1068.096 GC heap before
{Heap before GC invocations=68 (full 27):
 garbage-first heap   total 81920K, used 60116K [0x0000000603800000, 0x0000000800000000)
  region size 4096K, 11 young (45056K), 0 survivors (0K)
 Metaspace       used 58504K, committed 59328K, reserved 1114112K
  class space    used 7123K, committed 7424K, reserved 1048576K
}
Event: 1068.097 GC heap after
{Heap after GC invocations=69 (full 27):
 garbage-first heap   total 81920K, used 22911K [0x0000000603800000, 0x0000000800000000)
  region size 4096K, 1 young (4096K), 1 survivors (4096K)
 Metaspace       used 58504K, committed 59328K, reserved 1114112K
  class space    used 7123K, committed 7424K, reserved 1048576K
}

