# JRE version: OpenJDK Runtime Environment Temurin-21.0.3+9 (21.0.3+9) (build 21.0.3+9-LTS)
# Java VM: OpenJDK 64-Bit Server VM Temurin-21.0.3+9 (21.0.3+9-LTS, mixed mode, emulated-client, tiered, compressed oops, compressed class ptrs, g1 gc, windows-amd64)
GC Precious Log:
 CardTable entry size: 512
 Card Set container configuration: InlinePtr #cards 4 size 8 Array Of Cards #cards 32 size 80 Howl #buckets 8 coarsen threshold 7372 Howl Bitmap #cards 1024 size 144 coarsen threshold 921 Card regions per heap region 1 cards per card region 8192
 CPUs: 12 total, 12 available
 Memory: 32538M
 Large Page Support: Disabled
 NUMA Support: Disabled
 Compressed Oops: Enabled (Zero based)
 Heap Region Size: 4M
 Heap Min Capacity: 8M
 Heap Initial Capacity: 512M
 Heap Max Capacity: 8136M
 Pre-touch: Disabled
 Parallel Workers: 10
 Concurrent Workers: 3
 Concurrent Refinement Workers: 10
 Periodic GC: Disabled
Heap:
 garbage-first heap   total 69632K, used 58612K [0x0000000603800000, 0x0000000800000000)
  region size 4096K, 11 young (45056K), 1 survivors (4096K)
 Metaspace       used 49219K, committed 49856K, reserved 1114112K
  class space    used 6008K, committed 6272K, reserved 1048576K
GC Heap History (20 events):
Event: 0.966 GC heap after
{Heap after GC invocations=7 (full 0):
 garbage-first heap   total 57344K, used 10200K [0x0000000603800000, 0x0000000800000000)
  region size 4096K, 1 young (4096K), 1 survivors (4096K)
 Metaspace       used 28895K, committed 29248K, reserved 1114112K
  class space    used 3235K, committed 3392K, reserved 1048576K
}
Event: 1.038 GC heap before
{Heap before GC invocations=7 (full 0):
 garbage-first heap   total 57344K, used 38872K [0x0000000603800000, 0x0000000800000000)
  region size 4096K, 8 young (32768K), 1 survivors (4096K)
 Metaspace       used 31216K, committed 31680K, reserved 1114112K
  class space    used 3561K, committed 3776K, reserved 1048576K
}
Event: 1.039 GC heap after
{Heap after GC invocations=8 (full 0):
 garbage-first heap   total 290816K, used 11040K [0x0000000603800000, 0x0000000800000000)
  region size 4096K, 1 young (4096K), 1 survivors (4096K)
 Metaspace       used 31216K, committed 31680K, reserved 1114112K
  class space    used 3561K, committed 3776K, reserved 1048576K
}
Event: 1.445 GC heap before
{Heap before GC invocations=8 (full 0):
 garbage-first heap   total 290816K, used 72480K [0x0000000603800000, 0x0000000800000000)
  region size 4096K, 18 young (73728K), 1 survivors (4096K)
 Metaspace       used 35619K, committed 36096K, reserved 1114112K
  class space    used 4208K, committed 4416K, reserved 1048576K
}
Event: 1.447 GC heap after
{Heap after GC invocations=9 (full 0):
 garbage-first heap   total 290816K, used 13868K [0x0000000603800000, 0x0000000800000000)
  region size 4096K, 2 young (8192K), 2 survivors (8192K)
 Metaspace       used 35619K, committed 36096K, reserved 1114112K
  class space    used 4208K, committed 4416K, reserved 1048576K
}
Event: 1.616 GC heap before
{Heap before GC invocations=10 (full 0):
 garbage-first heap   total 69632K, used 46636K [0x0000000603800000, 0x0000000800000000)
  region size 4096K, 10 young (40960K), 2 survivors (8192K)
 Metaspace       used 38424K, committed 38976K, reserved 1114112K
  class space    used 4612K, committed 4864K, reserved 1048576K
}
Event: 1.618 GC heap after
{Heap after GC invocations=11 (full 0):
 garbage-first heap   total 69632K, used 15711K [0x0000000603800000, 0x0000000800000000)
  region size 4096K, 2 young (8192K), 2 survivors (8192K)
 Metaspace       used 38424K, committed 38976K, reserved 1114112K
  class space    used 4612K, committed 4864K, reserved 1048576K
}
Event: 1.809 GC heap before
{Heap before GC invocations=11 (full 0):
 garbage-first heap   total 69632K, used 44383K [0x0000000603800000, 0x0000000800000000)
  region size 4096K, 10 young (40960K), 2 survivors (8192K)
 Metaspace       used 43072K, committed 43648K, reserved 1114112K
  class space    used 5187K, committed 5440K, reserved 1048576K
}
Event: 1.811 GC heap after
{Heap after GC invocations=12 (full 0):
 garbage-first heap   total 69632K, used 17391K [0x0000000603800000, 0x0000000800000000)
  region size 4096K, 1 young (4096K), 1 survivors (4096K)
 Metaspace       used 43072K, committed 43648K, reserved 1114112K
  class space    used 5187K, committed 5440K, reserved 1048576K
}
Event: 1.997 GC heap before
{Heap before GC invocations=12 (full 0):
 garbage-first heap   total 69632K, used 54255K [0x0000000603800000, 0x0000000800000000)
  region size 4096K, 10 young (40960K), 1 survivors (4096K)
 Metaspace       used 45553K, committed 46208K, reserved 1114112K
  class space    used 5524K, committed 5824K, reserved 1048576K
}
Event: 1.999 GC heap after
{Heap after GC invocations=13 (full 0):
 garbage-first heap   total 69632K, used 19493K [0x0000000603800000, 0x0000000800000000)
  region size 4096K, 2 young (8192K), 2 survivors (8192K)
 Metaspace       used 45553K, committed 46208K, reserved 1114112K
  class space    used 5524K, committed 5824K, reserved 1048576K
}
Event: 2.898 GC heap before
{Heap before GC invocations=13 (full 0):
 garbage-first heap   total 69632K, used 52261K [0x0000000603800000, 0x0000000800000000)
  region size 4096K, 10 young (40960K), 2 survivors (8192K)
 Metaspace       used 48190K, committed 48960K, reserved 1114112K
  class space    used 5865K, committed 6208K, reserved 1048576K
}
Event: 2.900 GC heap after
{Heap after GC invocations=14 (full 0):
 garbage-first heap   total 69632K, used 21031K [0x0000000603800000, 0x0000000800000000)
  region size 4096K, 2 young (8192K), 2 survivors (8192K)
 Metaspace       used 48190K, committed 48960K, reserved 1114112K
  class space    used 5865K, committed 6208K, reserved 1048576K
}
Event: 9.602 GC heap before
{Heap before GC invocations=14 (full 0):
 garbage-first heap   total 69632K, used 21031K [0x0000000603800000, 0x0000000800000000)
  region size 4096K, 3 young (12288K), 2 survivors (8192K)
 Metaspace       used 48312K, committed 48960K, reserved 1114112K
  class space    used 5890K, committed 6208K, reserved 1048576K
}
Event: 9.639 GC heap after
{Heap after GC invocations=15 (full 1):
 garbage-first heap   total 69632K, used 17513K [0x0000000603800000, 0x0000000800000000)
  region size 4096K, 0 young (0K), 0 survivors (0K)
 Metaspace       used 48312K, committed 48960K, reserved 1114112K
  class space    used 5890K, committed 6208K, reserved 1048576K
}
Event: 9.862 GC heap before
{Heap before GC invocations=15 (full 1):
 garbage-first heap   total 69632K, used 54377K [0x0000000603800000, 0x0000000800000000)
  region size 4096K, 10 young (40960K), 0 survivors (0K)
 Metaspace       used 48388K, committed 49024K, reserved 1114112K
  class space    used 5904K, committed 6208K, reserved 1048576K
}
Event: 9.863 GC heap after
{Heap after GC invocations=16 (full 1):
 garbage-first heap   total 69632K, used 20830K [0x0000000603800000, 0x0000000800000000)
  region size 4096K, 1 young (4096K), 1 survivors (4096K)
 Metaspace       used 48388K, committed 49024K, reserved 1114112K
  class space    used 5904K, committed 6208K, reserved 1048576K
}
Event: 60.682 GC heap before
{Heap before GC invocations=16 (full 1):
 garbage-first heap   total 69632K, used 45406K [0x0000000603800000, 0x0000000800000000)
  region size 4096K, 8 young (32768K), 1 survivors (4096K)
 Metaspace       used 49143K, committed 49792K, reserved 1114112K
  class space    used 5995K, committed 6272K, reserved 1048576K
}
Event: 60.725 GC heap after
{Heap after GC invocations=17 (full 2):
 garbage-first heap   total 69632K, used 17653K [0x0000000603800000, 0x0000000800000000)
  region size 4096K, 0 young (0K), 0 survivors (0K)
 Metaspace       used 49140K, committed 49792K, reserved 1114112K
  class space    used 5995K, committed 6272K, reserved 1048576K
}
Event: 120.534 GC heap before
{Heap before GC invocations=17 (full 2):
 garbage-first heap   total 69632K, used 54517K [0x0000000603800000, 0x0000000800000000)
  region size 4096K, 10 young (40960K), 0 survivors (0K)
 Metaspace       used 49219K, committed 49856K, reserved 1114112K
  class space    used 6008K, committed 6272K, reserved 1048576K
}

