# JRE version: OpenJDK Runtime Environment Temurin-21.0.3+9 (21.0.3+9) (build 21.0.3+9-LTS)
# Java VM: OpenJDK 64-Bit Server VM Temurin-21.0.3+9 (21.0.3+9-LTS, mixed mode, emulated-client, tiered, compressed oops, compressed class ptrs, g1 gc, windows-amd64)
GC Precious Log:
 CardTable entry size: 512
 Card Set container configuration: InlinePtr #cards 4 size 8 Array Of Cards #cards 32 size 80 Howl #buckets 8 coarsen threshold 7372 Howl Bitmap #cards 1024 size 144 coarsen threshold 921 Card regions per heap region 1 cards per card region 8192
 CPUs: 12 total, 12 available
 Memory: 32538M
 Large Page Support: Disabled
 NUMA Support: Disabled
 Compressed Oops: Enabled (Zero based)
 Heap Region Size: 4M
 Heap Min Capacity: 8M
 Heap Initial Capacity: 512M
 Heap Max Capacity: 8136M
 Pre-touch: Disabled
 Parallel Workers: 10
 Concurrent Workers: 3
 Concurrent Refinement Workers: 10
 Periodic GC: Disabled
Heap:
 garbage-first heap   total 122880K, used 47764K [0x0000000603800000, 0x0000000800000000)
  region size 4096K, 8 young (32768K), 0 survivors (0K)
 Metaspace       used 56039K, committed 56640K, reserved 1114112K
  class space    used 6816K, committed 7104K, reserved 1048576K
GC Heap History (20 events):
Event: 0.744 GC heap before
{Heap before GC invocations=2 (full 0):
 garbage-first heap   total 524288K, used 18905K [0x0000000603800000, 0x0000000800000000)
  region size 4096K, 5 young (20480K), 1 survivors (4096K)
 Metaspace       used 21175K, committed 21504K, reserved 1114112K
  class space    used 2201K, committed 2368K, reserved 1048576K
}
Event: 0.745 GC heap after
{Heap after GC invocations=3 (full 0):
 garbage-first heap   total 524288K, used 6977K [0x0000000603800000, 0x0000000800000000)
  region size 4096K, 1 young (4096K), 1 survivors (4096K)
 Metaspace       used 21175K, committed 21504K, reserved 1114112K
  class space    used 2201K, committed 2368K, reserved 1048576K
}
Event: 0.923 GC heap before
{Heap before GC invocations=4 (full 0):
 garbage-first heap   total 57344K, used 47937K [0x0000000603800000, 0x0000000800000000)
  region size 4096K, 12 young (49152K), 1 survivors (4096K)
 Metaspace       used 24850K, committed 25152K, reserved 1114112K
  class space    used 2738K, committed 2880K, reserved 1048576K
}
Event: 0.925 GC heap after
{Heap after GC invocations=5 (full 0):
 garbage-first heap   total 61440K, used 8853K [0x0000000603800000, 0x0000000800000000)
  region size 4096K, 1 young (4096K), 1 survivors (4096K)
 Metaspace       used 24850K, committed 25152K, reserved 1114112K
  class space    used 2738K, committed 2880K, reserved 1048576K
}
Event: 0.991 GC heap before
{Heap before GC invocations=5 (full 0):
 garbage-first heap   total 61440K, used 41621K [0x0000000603800000, 0x0000000800000000)
  region size 4096K, 9 young (36864K), 1 survivors (4096K)
 Metaspace       used 27870K, committed 28224K, reserved 1114112K
  class space    used 3089K, committed 3264K, reserved 1048576K
}
Event: 0.992 GC heap after
{Heap after GC invocations=6 (full 0):
 garbage-first heap   total 61440K, used 9151K [0x0000000603800000, 0x0000000800000000)
  region size 4096K, 1 young (4096K), 1 survivors (4096K)
 Metaspace       used 27870K, committed 28224K, reserved 1114112K
  class space    used 3089K, committed 3264K, reserved 1048576K
}
Event: 1.060 GC heap before
{Heap before GC invocations=6 (full 0):
 garbage-first heap   total 61440K, used 41919K [0x0000000603800000, 0x0000000800000000)
  region size 4096K, 9 young (36864K), 1 survivors (4096K)
 Metaspace       used 30511K, committed 30848K, reserved 1114112K
  class space    used 3467K, committed 3584K, reserved 1048576K
}
Event: 1.061 GC heap after
{Heap after GC invocations=7 (full 0):
 garbage-first heap   total 61440K, used 9857K [0x0000000603800000, 0x0000000800000000)
  region size 4096K, 2 young (8192K), 2 survivors (8192K)
 Metaspace       used 30511K, committed 30848K, reserved 1114112K
  class space    used 3467K, committed 3584K, reserved 1048576K
}
Event: 1.214 GC heap before
{Heap before GC invocations=7 (full 0):
 garbage-first heap   total 61440K, used 38529K [0x0000000603800000, 0x0000000800000000)
  region size 4096K, 9 young (36864K), 2 survivors (8192K)
 Metaspace       used 32156K, committed 32576K, reserved 1114112K
  class space    used 3697K, committed 3904K, reserved 1048576K
}
Event: 1.216 GC heap after
{Heap after GC invocations=8 (full 0):
 garbage-first heap   total 294912K, used 11857K [0x0000000603800000, 0x0000000800000000)
  region size 4096K, 2 young (8192K), 2 survivors (8192K)
 Metaspace       used 32156K, committed 32576K, reserved 1114112K
  class space    used 3697K, committed 3904K, reserved 1048576K
}
Event: 1.510 GC heap before
{Heap before GC invocations=8 (full 0):
 garbage-first heap   total 294912K, used 61009K [0x0000000603800000, 0x0000000800000000)
  region size 4096K, 15 young (61440K), 2 survivors (8192K)
 Metaspace       used 35662K, committed 36096K, reserved 1114112K
  class space    used 4210K, committed 4416K, reserved 1048576K
}
Event: 1.512 GC heap after
{Heap after GC invocations=9 (full 0):
 garbage-first heap   total 294912K, used 13182K [0x0000000603800000, 0x0000000800000000)
  region size 4096K, 2 young (8192K), 2 survivors (8192K)
 Metaspace       used 35662K, committed 36096K, reserved 1114112K
  class space    used 4210K, committed 4416K, reserved 1048576K
}
Event: 1.794 GC heap before
{Heap before GC invocations=10 (full 0):
 garbage-first heap   total 69632K, used 66430K [0x0000000603800000, 0x0000000800000000)
  region size 4096K, 15 young (61440K), 2 survivors (8192K)
 Metaspace       used 39810K, committed 40320K, reserved 1114112K
  class space    used 4777K, committed 4992K, reserved 1048576K
}
Event: 1.798 GC heap after
{Heap after GC invocations=11 (full 0):
 garbage-first heap   total 81920K, used 16212K [0x0000000603800000, 0x0000000800000000)
  region size 4096K, 3 young (12288K), 3 survivors (12288K)
 Metaspace       used 39810K, committed 40320K, reserved 1114112K
  class space    used 4777K, committed 4992K, reserved 1048576K
}
Event: 1.994 GC heap before
{Heap before GC invocations=11 (full 0):
 garbage-first heap   total 81920K, used 53076K [0x0000000603800000, 0x0000000800000000)
  region size 4096K, 12 young (49152K), 3 survivors (12288K)
 Metaspace       used 44677K, committed 45312K, reserved 1114112K
  class space    used 5400K, committed 5696K, reserved 1048576K
}
Event: 1.998 GC heap after
{Heap after GC invocations=12 (full 0):
 garbage-first heap   total 81920K, used 17647K [0x0000000603800000, 0x0000000800000000)
  region size 4096K, 2 young (8192K), 2 survivors (8192K)
 Metaspace       used 44677K, committed 45312K, reserved 1114112K
  class space    used 5400K, committed 5696K, reserved 1048576K
}
Event: 5.823 GC heap before
{Heap before GC invocations=12 (full 0):
 garbage-first heap   total 81920K, used 58607K [0x0000000603800000, 0x0000000800000000)
  region size 4096K, 12 young (49152K), 2 survivors (8192K)
 Metaspace       used 47591K, committed 48320K, reserved 1114112K
  class space    used 5795K, committed 6144K, reserved 1048576K
}
Event: 5.826 GC heap after
{Heap after GC invocations=13 (full 0):
 garbage-first heap   total 303104K, used 19181K [0x0000000603800000, 0x0000000800000000)
  region size 4096K, 2 young (8192K), 2 survivors (8192K)
 Metaspace       used 47591K, committed 48320K, reserved 1114112K
  class space    used 5795K, committed 6144K, reserved 1048576K
}
Event: 69.302 GC heap before
{Heap before GC invocations=13 (full 0):
 garbage-first heap   total 303104K, used 80621K [0x0000000603800000, 0x0000000800000000)
  region size 4096K, 18 young (73728K), 2 survivors (8192K)
 Metaspace       used 55977K, committed 56576K, reserved 1114112K
  class space    used 6805K, committed 7040K, reserved 1048576K
}
Event: 69.319 GC heap after
{Heap after GC invocations=14 (full 1):
 garbage-first heap   total 122880K, used 19092K [0x0000000603800000, 0x0000000800000000)
  region size 4096K, 0 young (0K), 0 survivors (0K)
 Metaspace       used 55977K, committed 56576K, reserved 1114112K
  class space    used 6805K, committed 7040K, reserved 1048576K
}

