# JRE version: OpenJDK Runtime Environment Temurin-21.0.3+9 (21.0.3+9) (build 21.0.3+9-LTS)
# Java VM: OpenJDK 64-Bit Server VM Temurin-21.0.3+9 (21.0.3+9-LTS, mixed mode, emulated-client, tiered, compressed oops, compressed class ptrs, g1 gc, windows-amd64)
GC Precious Log:
 CardTable entry size: 512
 Card Set container configuration: InlinePtr #cards 4 size 8 Array Of Cards #cards 32 size 80 Howl #buckets 8 coarsen threshold 7372 Howl Bitmap #cards 1024 size 144 coarsen threshold 921 Card regions per heap region 1 cards per card region 8192
 CPUs: 12 total, 12 available
 Memory: 32538M
 Large Page Support: Disabled
 NUMA Support: Disabled
 Compressed Oops: Enabled (Zero based)
 Heap Region Size: 4M
 Heap Min Capacity: 8M
 Heap Initial Capacity: 512M
 Heap Max Capacity: 8136M
 Pre-touch: Disabled
 Parallel Workers: 10
 Concurrent Workers: 3
 Concurrent Refinement Workers: 10
 Periodic GC: Disabled
Heap:
 garbage-first heap   total 69632K, used 31195K [0x0000000603800000, 0x0000000800000000)
  region size 4096K, 4 young (16384K), 1 survivors (4096K)
 Metaspace       used 56600K, committed 57280K, reserved 1114112K
  class space    used 6884K, committed 7168K, reserved 1048576K
GC Heap History (20 events):
Event: 1.409 GC heap before
{Heap before GC invocations=8 (full 0):
 garbage-first heap   total 290816K, used 72172K [0x0000000603800000, 0x0000000800000000)
  region size 4096K, 18 young (73728K), 1 survivors (4096K)
 Metaspace       used 35611K, committed 36096K, reserved 1114112K
  class space    used 4201K, committed 4416K, reserved 1048576K
}
Event: 1.411 GC heap after
{Heap after GC invocations=9 (full 0):
 garbage-first heap   total 290816K, used 13363K [0x0000000603800000, 0x0000000800000000)
  region size 4096K, 2 young (8192K), 2 survivors (8192K)
 Metaspace       used 35611K, committed 36096K, reserved 1114112K
  class space    used 4201K, committed 4416K, reserved 1048576K
}
Event: 1.576 GC heap before
{Heap before GC invocations=10 (full 0):
 garbage-first heap   total 69632K, used 46131K [0x0000000603800000, 0x0000000800000000)
  region size 4096K, 10 young (40960K), 2 survivors (8192K)
 Metaspace       used 38399K, committed 38976K, reserved 1114112K
  class space    used 4602K, committed 4864K, reserved 1048576K
}
Event: 1.579 GC heap after
{Heap after GC invocations=11 (full 0):
 garbage-first heap   total 69632K, used 15415K [0x0000000603800000, 0x0000000800000000)
  region size 4096K, 2 young (8192K), 2 survivors (8192K)
 Metaspace       used 38399K, committed 38976K, reserved 1114112K
  class space    used 4602K, committed 4864K, reserved 1048576K
}
Event: 1.776 GC heap before
{Heap before GC invocations=11 (full 0):
 garbage-first heap   total 69632K, used 44087K [0x0000000603800000, 0x0000000800000000)
  region size 4096K, 10 young (40960K), 2 survivors (8192K)
 Metaspace       used 43000K, committed 43584K, reserved 1114112K
  class space    used 5173K, committed 5440K, reserved 1048576K
}
Event: 1.780 GC heap after
{Heap after GC invocations=12 (full 0):
 garbage-first heap   total 69632K, used 16683K [0x0000000603800000, 0x0000000800000000)
  region size 4096K, 1 young (4096K), 1 survivors (4096K)
 Metaspace       used 43000K, committed 43584K, reserved 1114112K
  class space    used 5173K, committed 5440K, reserved 1048576K
}
Event: 1.957 GC heap before
{Heap before GC invocations=12 (full 0):
 garbage-first heap   total 69632K, used 53547K [0x0000000603800000, 0x0000000800000000)
  region size 4096K, 10 young (40960K), 1 survivors (4096K)
 Metaspace       used 45764K, committed 46400K, reserved 1114112K
  class space    used 5553K, committed 5824K, reserved 1048576K
}
Event: 1.959 GC heap after
{Heap after GC invocations=13 (full 0):
 garbage-first heap   total 69632K, used 18367K [0x0000000603800000, 0x0000000800000000)
  region size 4096K, 2 young (8192K), 2 survivors (8192K)
 Metaspace       used 45764K, committed 46400K, reserved 1114112K
  class space    used 5553K, committed 5824K, reserved 1048576K
}
Event: 7.440 GC heap before
{Heap before GC invocations=13 (full 0):
 garbage-first heap   total 69632K, used 51135K [0x0000000603800000, 0x0000000800000000)
  region size 4096K, 10 young (40960K), 2 survivors (8192K)
 Metaspace       used 48506K, committed 49216K, reserved 1114112K
  class space    used 5931K, committed 6272K, reserved 1048576K
}
Event: 7.442 GC heap after
{Heap after GC invocations=14 (full 0):
 garbage-first heap   total 69632K, used 19852K [0x0000000603800000, 0x0000000800000000)
  region size 4096K, 2 young (8192K), 2 survivors (8192K)
 Metaspace       used 48506K, committed 49216K, reserved 1114112K
  class space    used 5931K, committed 6272K, reserved 1048576K
}
Event: 12.484 GC heap before
{Heap before GC invocations=14 (full 0):
 garbage-first heap   total 69632K, used 48524K [0x0000000603800000, 0x0000000800000000)
  region size 4096K, 10 young (40960K), 2 survivors (8192K)
 Metaspace       used 51783K, committed 52480K, reserved 1114112K
  class space    used 6294K, committed 6592K, reserved 1048576K
}
Event: 12.487 GC heap after
{Heap after GC invocations=15 (full 0):
 garbage-first heap   total 69632K, used 21371K [0x0000000603800000, 0x0000000800000000)
  region size 4096K, 2 young (8192K), 2 survivors (8192K)
 Metaspace       used 51783K, committed 52480K, reserved 1114112K
  class space    used 6294K, committed 6592K, reserved 1048576K
}
Event: 53.376 GC heap before
{Heap before GC invocations=15 (full 0):
 garbage-first heap   total 69632K, used 50043K [0x0000000603800000, 0x0000000800000000)
  region size 4096K, 10 young (40960K), 2 survivors (8192K)
 Metaspace       used 56564K, committed 57280K, reserved 1114112K
  class space    used 6878K, committed 7168K, reserved 1048576K
}
Event: 53.378 GC heap after
{Heap after GC invocations=16 (full 0):
 garbage-first heap   total 69632K, used 22813K [0x0000000603800000, 0x0000000800000000)
  region size 4096K, 2 young (8192K), 2 survivors (8192K)
 Metaspace       used 56564K, committed 57280K, reserved 1114112K
  class space    used 6878K, committed 7168K, reserved 1048576K
}
Event: 288.848 GC heap before
{Heap before GC invocations=16 (full 0):
 garbage-first heap   total 69632K, used 51485K [0x0000000603800000, 0x0000000800000000)
  region size 4096K, 9 young (36864K), 2 survivors (8192K)
 Metaspace       used 56583K, committed 57280K, reserved 1114112K
  class space    used 6882K, committed 7168K, reserved 1048576K
}
Event: 288.851 GC heap after
{Heap after GC invocations=17 (full 0):
 garbage-first heap   total 69632K, used 23168K [0x0000000603800000, 0x0000000800000000)
  region size 4096K, 1 young (4096K), 1 survivors (4096K)
 Metaspace       used 56583K, committed 57280K, reserved 1114112K
  class space    used 6882K, committed 7168K, reserved 1048576K
}
Event: 1051.587 GC heap before
{Heap before GC invocations=17 (full 0):
 garbage-first heap   total 69632K, used 60032K [0x0000000603800000, 0x0000000800000000)
  region size 4096K, 10 young (40960K), 1 survivors (4096K)
 Metaspace       used 56583K, committed 57280K, reserved 1114112K
  class space    used 6882K, committed 7168K, reserved 1048576K
}
Event: 1051.589 GC heap after
{Heap after GC invocations=18 (full 0):
 garbage-first heap   total 69632K, used 22824K [0x0000000603800000, 0x0000000800000000)
  region size 4096K, 1 young (4096K), 1 survivors (4096K)
 Metaspace       used 56583K, committed 57280K, reserved 1114112K
  class space    used 6882K, committed 7168K, reserved 1048576K
}
Event: 1680.629 GC heap before
{Heap before GC invocations=18 (full 0):
 garbage-first heap   total 69632K, used 59688K [0x0000000603800000, 0x0000000800000000)
  region size 4096K, 10 young (40960K), 1 survivors (4096K)
 Metaspace       used 56583K, committed 57280K, reserved 1114112K
  class space    used 6882K, committed 7168K, reserved 1048576K
}
Event: 1680.631 GC heap after
{Heap after GC invocations=19 (full 0):
 garbage-first heap   total 69632K, used 23003K [0x0000000603800000, 0x0000000800000000)
  region size 4096K, 1 young (4096K), 1 survivors (4096K)
 Metaspace       used 56583K, committed 57280K, reserved 1114112K
  class space    used 6882K, committed 7168K, reserved 1048576K
}

