# JRE version: OpenJDK Runtime Environment Temurin-21.0.3+9 (21.0.3+9) (build 21.0.3+9-LTS)
# Java VM: OpenJDK 64-Bit Server VM Temurin-21.0.3+9 (21.0.3+9-LTS, mixed mode, emulated-client, tiered, compressed oops, compressed class ptrs, g1 gc, windows-amd64)
GC Precious Log:
 CardTable entry size: 512
 Card Set container configuration: InlinePtr #cards 4 size 8 Array Of Cards #cards 32 size 80 Howl #buckets 8 coarsen threshold 7372 Howl Bitmap #cards 1024 size 144 coarsen threshold 921 Card regions per heap region 1 cards per card region 8192
 CPUs: 12 total, 12 available
 Memory: 32538M
 Large Page Support: Disabled
 NUMA Support: Disabled
 Compressed Oops: Enabled (Zero based)
 Heap Region Size: 4M
 Heap Min Capacity: 8M
 Heap Initial Capacity: 512M
 Heap Max Capacity: 8136M
 Pre-touch: Disabled
 Parallel Workers: 10
 Concurrent Workers: 3
 Concurrent Refinement Workers: 10
 Periodic GC: Disabled
Heap:
 garbage-first heap   total 57344K, used 31194K [0x0000000603800000, 0x0000000800000000)
  region size 4096K, 4 young (16384K), 1 survivors (4096K)
 Metaspace       used 56613K, committed 57408K, reserved 1114112K
  class space    used 6876K, committed 7232K, reserved 1048576K
GC Heap History (20 events):
Event: 7687.100 GC heap after
{Heap after GC invocations=28 (full 2):
 garbage-first heap   total 69632K, used 22306K [0x0000000603800000, 0x0000000800000000)
  region size 4096K, 1 young (4096K), 1 survivors (4096K)
 Metaspace       used 56418K, committed 57280K, reserved 1114112K
  class space    used 6837K, committed 7232K, reserved 1048576K
}
Event: 8364.585 GC heap before
{Heap before GC invocations=28 (full 2):
 garbage-first heap   total 69632K, used 55074K [0x0000000603800000, 0x0000000800000000)
  region size 4096K, 9 young (36864K), 1 survivors (4096K)
 Metaspace       used 56418K, committed 57280K, reserved 1114112K
  class space    used 6837K, committed 7232K, reserved 1048576K
}
Event: 8364.586 GC heap after
{Heap after GC invocations=29 (full 2):
 garbage-first heap   total 69632K, used 22033K [0x0000000603800000, 0x0000000800000000)
  region size 4096K, 1 young (4096K), 1 survivors (4096K)
 Metaspace       used 56418K, committed 57280K, reserved 1114112K
  class space    used 6837K, committed 7232K, reserved 1048576K
}
Event: 9042.733 GC heap before
{Heap before GC invocations=29 (full 2):
 garbage-first heap   total 69632K, used 54801K [0x0000000603800000, 0x0000000800000000)
  region size 4096K, 9 young (36864K), 1 survivors (4096K)
 Metaspace       used 56418K, committed 57280K, reserved 1114112K
  class space    used 6837K, committed 7232K, reserved 1048576K
}
Event: 9042.735 GC heap after
{Heap after GC invocations=30 (full 2):
 garbage-first heap   total 69632K, used 21969K [0x0000000603800000, 0x0000000800000000)
  region size 4096K, 1 young (4096K), 1 survivors (4096K)
 Metaspace       used 56418K, committed 57280K, reserved 1114112K
  class space    used 6837K, committed 7232K, reserved 1048576K
}
Event: 9621.861 GC heap before
{Heap before GC invocations=30 (full 2):
 garbage-first heap   total 69632K, used 54737K [0x0000000603800000, 0x0000000800000000)
  region size 4096K, 9 young (36864K), 1 survivors (4096K)
 Metaspace       used 56420K, committed 57280K, reserved 1114112K
  class space    used 6838K, committed 7232K, reserved 1048576K
}
Event: 9621.862 GC heap after
{Heap after GC invocations=31 (full 2):
 garbage-first heap   total 69632K, used 22337K [0x0000000603800000, 0x0000000800000000)
  region size 4096K, 1 young (4096K), 1 survivors (4096K)
 Metaspace       used 56420K, committed 57280K, reserved 1114112K
  class space    used 6838K, committed 7232K, reserved 1048576K
}
Event: 9969.782 GC heap before
{Heap before GC invocations=31 (full 2):
 garbage-first heap   total 69632K, used 38721K [0x0000000603800000, 0x0000000800000000)
  region size 4096K, 6 young (24576K), 1 survivors (4096K)
 Metaspace       used 56420K, committed 57280K, reserved 1114112K
  class space    used 6838K, committed 7232K, reserved 1048576K
}
Event: 9969.784 GC heap after
{Heap after GC invocations=32 (full 2):
 garbage-first heap   total 69632K, used 22567K [0x0000000603800000, 0x0000000800000000)
  region size 4096K, 1 young (4096K), 1 survivors (4096K)
 Metaspace       used 56420K, committed 57280K, reserved 1114112K
  class space    used 6838K, committed 7232K, reserved 1048576K
}
Event: 10059.200 GC heap before
{Heap before GC invocations=33 (full 2):
 garbage-first heap   total 69632K, used 30759K [0x0000000603800000, 0x0000000800000000)
  region size 4096K, 4 young (16384K), 1 survivors (4096K)
 Metaspace       used 56479K, committed 57280K, reserved 1114112K
  class space    used 6849K, committed 7232K, reserved 1048576K
}
Event: 10059.248 GC heap after
{Heap after GC invocations=34 (full 3):
 garbage-first heap   total 57344K, used 16225K [0x0000000603800000, 0x0000000800000000)
  region size 4096K, 0 young (0K), 0 survivors (0K)
 Metaspace       used 56427K, committed 57280K, reserved 1114112K
  class space    used 6835K, committed 7232K, reserved 1048576K
}
Event: 10059.476 GC heap before
{Heap before GC invocations=34 (full 3):
 garbage-first heap   total 57344K, used 48993K [0x0000000603800000, 0x0000000800000000)
  region size 4096K, 8 young (32768K), 0 survivors (0K)
 Metaspace       used 56543K, committed 57280K, reserved 1114112K
  class space    used 6865K, committed 7232K, reserved 1048576K
}
Event: 10059.478 GC heap after
{Heap after GC invocations=35 (full 3):
 garbage-first heap   total 57344K, used 19821K [0x0000000603800000, 0x0000000800000000)
  region size 4096K, 1 young (4096K), 1 survivors (4096K)
 Metaspace       used 56543K, committed 57280K, reserved 1114112K
  class space    used 6865K, committed 7232K, reserved 1048576K
}
Event: 10069.098 GC heap before
{Heap before GC invocations=35 (full 3):
 garbage-first heap   total 57344K, used 40301K [0x0000000603800000, 0x0000000800000000)
  region size 4096K, 7 young (28672K), 1 survivors (4096K)
 Metaspace       used 56699K, committed 57408K, reserved 1114112K
  class space    used 6896K, committed 7232K, reserved 1048576K
}
Event: 10069.141 GC heap after
{Heap after GC invocations=36 (full 4):
 garbage-first heap   total 57344K, used 18288K [0x0000000603800000, 0x0000000800000000)
  region size 4096K, 0 young (0K), 0 survivors (0K)
 Metaspace       used 56571K, committed 57408K, reserved 1114112K
  class space    used 6867K, committed 7232K, reserved 1048576K
}
Event: 10069.379 GC heap before
{Heap before GC invocations=36 (full 4):
 garbage-first heap   total 57344K, used 46960K [0x0000000603800000, 0x0000000800000000)
  region size 4096K, 7 young (28672K), 0 survivors (0K)
 Metaspace       used 56603K, committed 57408K, reserved 1114112K
  class space    used 6874K, committed 7232K, reserved 1048576K
}
Event: 10069.380 GC heap after
{Heap after GC invocations=37 (full 4):
 garbage-first heap   total 57344K, used 20985K [0x0000000603800000, 0x0000000800000000)
  region size 4096K, 1 young (4096K), 1 survivors (4096K)
 Metaspace       used 56603K, committed 57408K, reserved 1114112K
  class space    used 6874K, committed 7232K, reserved 1048576K
}
Event: 10185.145 GC heap before
{Heap before GC invocations=37 (full 4):
 garbage-first heap   total 57344K, used 45561K [0x0000000603800000, 0x0000000800000000)
  region size 4096K, 7 young (28672K), 1 survivors (4096K)
 Metaspace       used 56609K, committed 57408K, reserved 1114112K
  class space    used 6875K, committed 7232K, reserved 1048576K
}
Event: 10185.146 GC heap after
{Heap after GC invocations=38 (full 4):
 garbage-first heap   total 57344K, used 21665K [0x0000000603800000, 0x0000000800000000)
  region size 4096K, 1 young (4096K), 1 survivors (4096K)
 Metaspace       used 56609K, committed 57408K, reserved 1114112K
  class space    used 6875K, committed 7232K, reserved 1048576K
}
Event: 10320.943 GC heap before
{Heap before GC invocations=38 (full 4):
 garbage-first heap   total 57344K, used 29857K [0x0000000603800000, 0x0000000800000000)
  region size 4096K, 4 young (16384K), 1 survivors (4096K)
 Metaspace       used 56613K, committed 57408K, reserved 1114112K
  class space    used 6876K, committed 7232K, reserved 1048576K
}

