# JRE version: OpenJDK Runtime Environment Temurin-21.0.3+9 (21.0.3+9) (build 21.0.3+9-LTS)
# Java VM: OpenJDK 64-Bit Server VM Temurin-21.0.3+9 (21.0.3+9-LTS, mixed mode, emulated-client, tiered, compressed oops, compressed class ptrs, g1 gc, windows-amd64)
GC Precious Log:
 CardTable entry size: 512
 Card Set container configuration: InlinePtr #cards 4 size 8 Array Of Cards #cards 32 size 80 Howl #buckets 8 coarsen threshold 7372 Howl Bitmap #cards 1024 size 144 coarsen threshold 921 Card regions per heap region 1 cards per card region 8192
 CPUs: 12 total, 12 available
 Memory: 32538M
 Large Page Support: Disabled
 NUMA Support: Disabled
 Compressed Oops: Enabled (Zero based)
 Heap Region Size: 4M
 Heap Min Capacity: 8M
 Heap Initial Capacity: 512M
 Heap Max Capacity: 8136M
 Pre-touch: Disabled
 Parallel Workers: 10
 Concurrent Workers: 3
 Concurrent Refinement Workers: 10
 Periodic GC: Disabled
Heap:
 garbage-first heap   total 69632K, used 33972K [0x0000000603800000, 0x0000000800000000)
  region size 4096K, 5 young (20480K), 1 survivors (4096K)
 Metaspace       used 57124K, committed 57792K, reserved 1114112K
  class space    used 6938K, committed 7232K, reserved 1048576K
GC Heap History (20 events):
Event: 211.839 GC heap before
{Heap before GC invocations=24 (full 6):
 garbage-first heap   total 69632K, used 33961K [0x0000000603800000, 0x0000000800000000)
  region size 4096K, 5 young (20480K), 1 survivors (4096K)
 Metaspace       used 56862K, committed 57664K, reserved 1114112K
  class space    used 6890K, committed 7232K, reserved 1048576K
}
Event: 211.881 GC heap after
{Heap after GC invocations=25 (full 7):
 garbage-first heap   total 69632K, used 18748K [0x0000000603800000, 0x0000000800000000)
  region size 4096K, 0 young (0K), 0 survivors (0K)
 Metaspace       used 56859K, committed 57664K, reserved 1114112K
  class space    used 6890K, committed 7232K, reserved 1048576K
}
Event: 212.086 GC heap before
{Heap before GC invocations=25 (full 7):
 garbage-first heap   total 69632K, used 55612K [0x0000000603800000, 0x0000000800000000)
  region size 4096K, 9 young (36864K), 0 survivors (0K)
 Metaspace       used 56898K, committed 57664K, reserved 1114112K
  class space    used 6897K, committed 7232K, reserved 1048576K
}
Event: 212.087 GC heap after
{Heap after GC invocations=26 (full 7):
 garbage-first heap   total 69632K, used 21826K [0x0000000603800000, 0x0000000800000000)
  region size 4096K, 1 young (4096K), 1 survivors (4096K)
 Metaspace       used 56898K, committed 57664K, reserved 1114112K
  class space    used 6897K, committed 7232K, reserved 1048576K
}
Event: 227.352 GC heap before
{Heap before GC invocations=26 (full 7):
 garbage-first heap   total 69632K, used 34114K [0x0000000603800000, 0x0000000800000000)
  region size 4096K, 5 young (20480K), 1 survivors (4096K)
 Metaspace       used 56919K, committed 57664K, reserved 1114112K
  class space    used 6900K, committed 7232K, reserved 1048576K
}
Event: 227.398 GC heap after
{Heap after GC invocations=27 (full 8):
 garbage-first heap   total 69632K, used 18614K [0x0000000603800000, 0x0000000800000000)
  region size 4096K, 0 young (0K), 0 survivors (0K)
 Metaspace       used 56914K, committed 57664K, reserved 1114112K
  class space    used 6899K, committed 7232K, reserved 1048576K
}
Event: 227.603 GC heap before
{Heap before GC invocations=27 (full 8):
 garbage-first heap   total 69632K, used 55478K [0x0000000603800000, 0x0000000800000000)
  region size 4096K, 9 young (36864K), 0 survivors (0K)
 Metaspace       used 56952K, committed 57664K, reserved 1114112K
  class space    used 6906K, committed 7232K, reserved 1048576K
}
Event: 227.605 GC heap after
{Heap after GC invocations=28 (full 8):
 garbage-first heap   total 69632K, used 21583K [0x0000000603800000, 0x0000000800000000)
  region size 4096K, 1 young (4096K), 1 survivors (4096K)
 Metaspace       used 56952K, committed 57664K, reserved 1114112K
  class space    used 6906K, committed 7232K, reserved 1048576K
}
Event: 405.953 GC heap before
{Heap before GC invocations=28 (full 8):
 garbage-first heap   total 69632K, used 42063K [0x0000000603800000, 0x0000000800000000)
  region size 4096K, 7 young (28672K), 1 survivors (4096K)
 Metaspace       used 56962K, committed 57664K, reserved 1114112K
  class space    used 6908K, committed 7232K, reserved 1048576K
}
Event: 405.996 GC heap after
{Heap after GC invocations=29 (full 9):
 garbage-first heap   total 69632K, used 18553K [0x0000000603800000, 0x0000000800000000)
  region size 4096K, 0 young (0K), 0 survivors (0K)
 Metaspace       used 56934K, committed 57664K, reserved 1114112K
  class space    used 6900K, committed 7232K, reserved 1048576K
}
Event: 406.193 GC heap before
{Heap before GC invocations=29 (full 9):
 garbage-first heap   total 69632K, used 51321K [0x0000000603800000, 0x0000000800000000)
  region size 4096K, 9 young (36864K), 0 survivors (0K)
 Metaspace       used 56975K, committed 57664K, reserved 1114112K
  class space    used 6908K, committed 7232K, reserved 1048576K
}
Event: 406.194 GC heap after
{Heap after GC invocations=30 (full 9):
 garbage-first heap   total 69632K, used 21601K [0x0000000603800000, 0x0000000800000000)
  region size 4096K, 1 young (4096K), 1 survivors (4096K)
 Metaspace       used 56975K, committed 57664K, reserved 1114112K
  class space    used 6908K, committed 7232K, reserved 1048576K
}
Event: 437.632 GC heap before
{Heap before GC invocations=30 (full 9):
 garbage-first heap   total 69632K, used 37985K [0x0000000603800000, 0x0000000800000000)
  region size 4096K, 6 young (24576K), 1 survivors (4096K)
 Metaspace       used 57052K, committed 57728K, reserved 1114112K
  class space    used 6924K, committed 7232K, reserved 1048576K
}
Event: 437.678 GC heap after
{Heap after GC invocations=31 (full 10):
 garbage-first heap   total 69632K, used 18528K [0x0000000603800000, 0x0000000800000000)
  region size 4096K, 0 young (0K), 0 survivors (0K)
 Metaspace       used 57043K, committed 57728K, reserved 1114112K
  class space    used 6922K, committed 7232K, reserved 1048576K
}
Event: 437.887 GC heap before
{Heap before GC invocations=31 (full 10):
 garbage-first heap   total 69632K, used 55392K [0x0000000603800000, 0x0000000800000000)
  region size 4096K, 9 young (36864K), 0 survivors (0K)
 Metaspace       used 57081K, committed 57728K, reserved 1114112K
  class space    used 6930K, committed 7232K, reserved 1048576K
}
Event: 437.889 GC heap after
{Heap after GC invocations=32 (full 10):
 garbage-first heap   total 69632K, used 21485K [0x0000000603800000, 0x0000000800000000)
  region size 4096K, 1 young (4096K), 1 survivors (4096K)
 Metaspace       used 57081K, committed 57728K, reserved 1114112K
  class space    used 6930K, committed 7232K, reserved 1048576K
}
Event: 500.252 GC heap before
{Heap before GC invocations=32 (full 10):
 garbage-first heap   total 69632K, used 37869K [0x0000000603800000, 0x0000000800000000)
  region size 4096K, 6 young (24576K), 1 survivors (4096K)
 Metaspace       used 57087K, committed 57792K, reserved 1114112K
  class space    used 6931K, committed 7232K, reserved 1048576K
}
Event: 500.293 GC heap after
{Heap after GC invocations=33 (full 11):
 garbage-first heap   total 69632K, used 18608K [0x0000000603800000, 0x0000000800000000)
  region size 4096K, 0 young (0K), 0 survivors (0K)
 Metaspace       used 57085K, committed 57792K, reserved 1114112K
  class space    used 6931K, committed 7232K, reserved 1048576K
}
Event: 500.490 GC heap before
{Heap before GC invocations=33 (full 11):
 garbage-first heap   total 69632K, used 55472K [0x0000000603800000, 0x0000000800000000)
  region size 4096K, 9 young (36864K), 0 survivors (0K)
 Metaspace       used 57122K, committed 57792K, reserved 1114112K
  class space    used 6938K, committed 7232K, reserved 1048576K
}
Event: 500.491 GC heap after
{Heap after GC invocations=34 (full 11):
 garbage-first heap   total 69632K, used 21684K [0x0000000603800000, 0x0000000800000000)
  region size 4096K, 1 young (4096K), 1 survivors (4096K)
 Metaspace       used 57122K, committed 57792K, reserved 1114112K
  class space    used 6938K, committed 7232K, reserved 1048576K
}

