# JRE version: OpenJDK Runtime Environment Temurin-21.0.3+9 (21.0.3+9) (build 21.0.3+9-LTS)
# Java VM: OpenJDK 64-Bit Server VM Temurin-21.0.3+9 (21.0.3+9-LTS, mixed mode, emulated-client, tiered, compressed oops, compressed class ptrs, g1 gc, windows-amd64)
GC Precious Log:
 CardTable entry size: 512
 Card Set container configuration: InlinePtr #cards 4 size 8 Array Of Cards #cards 32 size 80 Howl #buckets 8 coarsen threshold 7372 Howl Bitmap #cards 1024 size 144 coarsen threshold 921 Card regions per heap region 1 cards per card region 8192
 CPUs: 12 total, 12 available
 Memory: 32538M
 Large Page Support: Disabled
 NUMA Support: Disabled
 Compressed Oops: Enabled (Zero based)
 Heap Region Size: 4M
 Heap Min Capacity: 8M
 Heap Initial Capacity: 512M
 Heap Max Capacity: 8136M
 Pre-touch: Disabled
 Parallel Workers: 10
 Concurrent Workers: 3
 Concurrent Refinement Workers: 10
 Periodic GC: Disabled
Heap:
 garbage-first heap   total 69632K, used 43799K [0x0000000603800000, 0x0000000800000000)
  region size 4096K, 8 young (32768K), 1 survivors (4096K)
 Metaspace       used 56238K, committed 56896K, reserved 1114112K
  class space    used 6839K, committed 7168K, reserved 1048576K
GC Heap History (20 events):
Event: 164.823 GC heap before
{Heap before GC invocations=14 (full 1):
 garbage-first heap   total 110592K, used 68002K [0x0000000603800000, 0x0000000800000000)
  region size 4096K, 14 young (57344K), 0 survivors (0K)
 Metaspace       used 56005K, committed 56704K, reserved 1114112K
  class space    used 6822K, committed 7104K, reserved 1048576K
}
Event: 164.850 GC heap after
{Heap after GC invocations=15 (full 2):
 garbage-first heap   total 69632K, used 17687K [0x0000000603800000, 0x0000000800000000)
  region size 4096K, 0 young (0K), 0 survivors (0K)
 Metaspace       used 55662K, committed 56704K, reserved 1114112K
  class space    used 6732K, committed 7104K, reserved 1048576K
}
Event: 165.445 GC heap before
{Heap before GC invocations=15 (full 2):
 garbage-first heap   total 69632K, used 54551K [0x0000000603800000, 0x0000000800000000)
  region size 4096K, 10 young (40960K), 0 survivors (0K)
 Metaspace       used 55704K, committed 56704K, reserved 1114112K
  class space    used 6740K, committed 7104K, reserved 1048576K
}
Event: 165.446 GC heap after
{Heap after GC invocations=16 (full 2):
 garbage-first heap   total 69632K, used 21363K [0x0000000603800000, 0x0000000800000000)
  region size 4096K, 1 young (4096K), 1 survivors (4096K)
 Metaspace       used 55704K, committed 56704K, reserved 1114112K
  class space    used 6740K, committed 7104K, reserved 1048576K
}
Event: 219.762 GC heap before
{Heap before GC invocations=16 (full 2):
 garbage-first heap   total 69632K, used 33651K [0x0000000603800000, 0x0000000800000000)
  region size 4096K, 5 young (20480K), 1 survivors (4096K)
 Metaspace       used 55717K, committed 56704K, reserved 1114112K
  class space    used 6741K, committed 7104K, reserved 1048576K
}
Event: 219.802 GC heap after
{Heap after GC invocations=17 (full 3):
 garbage-first heap   total 69632K, used 17756K [0x0000000603800000, 0x0000000800000000)
  region size 4096K, 0 young (0K), 0 survivors (0K)
 Metaspace       used 55715K, committed 56704K, reserved 1114112K
  class space    used 6741K, committed 7104K, reserved 1048576K
}
Event: 220.025 GC heap before
{Heap before GC invocations=17 (full 3):
 garbage-first heap   total 69632K, used 58716K [0x0000000603800000, 0x0000000800000000)
  region size 4096K, 10 young (40960K), 0 survivors (0K)
 Metaspace       used 55753K, committed 56704K, reserved 1114112K
  class space    used 6748K, committed 7104K, reserved 1048576K
}
Event: 220.026 GC heap after
{Heap after GC invocations=18 (full 3):
 garbage-first heap   total 69632K, used 21213K [0x0000000603800000, 0x0000000800000000)
  region size 4096K, 1 young (4096K), 1 survivors (4096K)
 Metaspace       used 55753K, committed 56704K, reserved 1114112K
  class space    used 6748K, committed 7104K, reserved 1048576K
}
Event: 285.441 GC heap before
{Heap before GC invocations=18 (full 3):
 garbage-first heap   total 69632K, used 33501K [0x0000000603800000, 0x0000000800000000)
  region size 4096K, 5 young (20480K), 1 survivors (4096K)
 Metaspace       used 55763K, committed 56704K, reserved 1114112K
  class space    used 6749K, committed 7104K, reserved 1048576K
}
Event: 285.481 GC heap after
{Heap after GC invocations=19 (full 4):
 garbage-first heap   total 69632K, used 17750K [0x0000000603800000, 0x0000000800000000)
  region size 4096K, 0 young (0K), 0 survivors (0K)
 Metaspace       used 55760K, committed 56704K, reserved 1114112K
  class space    used 6748K, committed 7104K, reserved 1048576K
}
Event: 285.693 GC heap before
{Heap before GC invocations=19 (full 4):
 garbage-first heap   total 69632K, used 54614K [0x0000000603800000, 0x0000000800000000)
  region size 4096K, 10 young (40960K), 0 survivors (0K)
 Metaspace       used 55802K, committed 56768K, reserved 1114112K
  class space    used 6757K, committed 7168K, reserved 1048576K
}
Event: 285.694 GC heap after
{Heap after GC invocations=20 (full 4):
 garbage-first heap   total 69632K, used 21183K [0x0000000603800000, 0x0000000800000000)
  region size 4096K, 1 young (4096K), 1 survivors (4096K)
 Metaspace       used 55802K, committed 56768K, reserved 1114112K
  class space    used 6757K, committed 7168K, reserved 1048576K
}
Event: 344.149 GC heap before
{Heap before GC invocations=20 (full 4):
 garbage-first heap   total 69632K, used 33471K [0x0000000603800000, 0x0000000800000000)
  region size 4096K, 5 young (20480K), 1 survivors (4096K)
 Metaspace       used 55820K, committed 56768K, reserved 1114112K
  class space    used 6760K, committed 7168K, reserved 1048576K
}
Event: 344.187 GC heap after
{Heap after GC invocations=21 (full 5):
 garbage-first heap   total 69632K, used 18049K [0x0000000603800000, 0x0000000800000000)
  region size 4096K, 0 young (0K), 0 survivors (0K)
 Metaspace       used 55815K, committed 56768K, reserved 1114112K
  class space    used 6759K, committed 7168K, reserved 1048576K
}
Event: 344.380 GC heap before
{Heap before GC invocations=21 (full 5):
 garbage-first heap   total 69632K, used 54913K [0x0000000603800000, 0x0000000800000000)
  region size 4096K, 9 young (36864K), 0 survivors (0K)
 Metaspace       used 55857K, committed 56768K, reserved 1114112K
  class space    used 6767K, committed 7168K, reserved 1048576K
}
Event: 344.381 GC heap after
{Heap after GC invocations=22 (full 5):
 garbage-first heap   total 69632K, used 21072K [0x0000000603800000, 0x0000000800000000)
  region size 4096K, 1 young (4096K), 1 survivors (4096K)
 Metaspace       used 55857K, committed 56768K, reserved 1114112K
  class space    used 6767K, committed 7168K, reserved 1048576K
}
Event: 426.067 GC heap before
{Heap before GC invocations=22 (full 5):
 garbage-first heap   total 69632K, used 37456K [0x0000000603800000, 0x0000000800000000)
  region size 4096K, 6 young (24576K), 1 survivors (4096K)
 Metaspace       used 55877K, committed 56768K, reserved 1114112K
  class space    used 6768K, committed 7168K, reserved 1048576K
}
Event: 426.106 GC heap after
{Heap after GC invocations=23 (full 6):
 garbage-first heap   total 69632K, used 17803K [0x0000000603800000, 0x0000000800000000)
  region size 4096K, 0 young (0K), 0 survivors (0K)
 Metaspace       used 55869K, committed 56768K, reserved 1114112K
  class space    used 6766K, committed 7168K, reserved 1048576K
}
Event: 452.128 GC heap before
{Heap before GC invocations=23 (full 6):
 garbage-first heap   total 69632K, used 54667K [0x0000000603800000, 0x0000000800000000)
  region size 4096K, 9 young (36864K), 0 survivors (0K)
 Metaspace       used 56195K, committed 56832K, reserved 1114112K
  class space    used 6828K, committed 7168K, reserved 1048576K
}
Event: 452.129 GC heap after
{Heap after GC invocations=24 (full 6):
 garbage-first heap   total 69632K, used 19223K [0x0000000603800000, 0x0000000800000000)
  region size 4096K, 1 young (4096K), 1 survivors (4096K)
 Metaspace       used 56195K, committed 56832K, reserved 1114112K
  class space    used 6828K, committed 7168K, reserved 1048576K
}

