# JRE version: OpenJDK Runtime Environment Temurin-21.0.3+9 (21.0.3+9) (build 21.0.3+9-LTS)
# Java VM: OpenJDK 64-Bit Server VM Temurin-21.0.3+9 (21.0.3+9-LTS, mixed mode, emulated-client, tiered, compressed oops, compressed class ptrs, g1 gc, windows-amd64)
GC Precious Log:
 CardTable entry size: 512
 Card Set container configuration: InlinePtr #cards 4 size 8 Array Of Cards #cards 32 size 80 Howl #buckets 8 coarsen threshold 7372 Howl Bitmap #cards 1024 size 144 coarsen threshold 921 Card regions per heap region 1 cards per card region 8192
 CPUs: 12 total, 12 available
 Memory: 32538M
 Large Page Support: Disabled
 NUMA Support: Disabled
 Compressed Oops: Enabled (Zero based)
 Heap Region Size: 4M
 Heap Min Capacity: 8M
 Heap Initial Capacity: 512M
 Heap Max Capacity: 8136M
 Pre-touch: Disabled
 Parallel Workers: 10
 Concurrent Workers: 3
 Concurrent Refinement Workers: 10
 Periodic GC: Disabled
Heap:
 garbage-first heap   total 69632K, used 29182K [0x0000000603800000, 0x0000000800000000)
  region size 4096K, 6 young (24576K), 2 survivors (8192K)
 Metaspace       used 44020K, committed 44608K, reserved 1114112K
  class space    used 5320K, committed 5632K, reserved 1048576K
GC Heap History (20 events):
Event: 0.752 GC heap before
{Heap before GC invocations=1 (full 0):
 garbage-first heap   total 524288K, used 33893K [0x0000000603800000, 0x0000000800000000)
  region size 4096K, 8 young (32768K), 1 survivors (4096K)
 Metaspace       used 19694K, committed 19968K, reserved 1114112K
  class space    used 1987K, committed 2112K, reserved 1048576K
}
Event: 0.754 GC heap after
{Heap after GC invocations=2 (full 0):
 garbage-first heap   total 524288K, used 6793K [0x0000000603800000, 0x0000000800000000)
  region size 4096K, 1 young (4096K), 1 survivors (4096K)
 Metaspace       used 19694K, committed 19968K, reserved 1114112K
  class space    used 1987K, committed 2112K, reserved 1048576K
}
Event: 0.828 GC heap before
{Heap before GC invocations=2 (full 0):
 garbage-first heap   total 524288K, used 19081K [0x0000000603800000, 0x0000000800000000)
  region size 4096K, 5 young (20480K), 1 survivors (4096K)
 Metaspace       used 21230K, committed 21504K, reserved 1114112K
  class space    used 2205K, committed 2368K, reserved 1048576K
}
Event: 0.829 GC heap after
{Heap after GC invocations=3 (full 0):
 garbage-first heap   total 524288K, used 7109K [0x0000000603800000, 0x0000000800000000)
  region size 4096K, 1 young (4096K), 1 survivors (4096K)
 Metaspace       used 21230K, committed 21504K, reserved 1114112K
  class space    used 2205K, committed 2368K, reserved 1048576K
}
Event: 0.972 GC heap before
{Heap before GC invocations=4 (full 0):
 garbage-first heap   total 57344K, used 52165K [0x0000000603800000, 0x0000000800000000)
  region size 4096K, 12 young (49152K), 1 survivors (4096K)
 Metaspace       used 24671K, committed 24960K, reserved 1114112K
  class space    used 2697K, committed 2816K, reserved 1048576K
}
Event: 0.974 GC heap after
{Heap after GC invocations=5 (full 0):
 garbage-first heap   total 61440K, used 8189K [0x0000000603800000, 0x0000000800000000)
  region size 4096K, 1 young (4096K), 1 survivors (4096K)
 Metaspace       used 24671K, committed 24960K, reserved 1114112K
  class space    used 2697K, committed 2816K, reserved 1048576K
}
Event: 1.033 GC heap before
{Heap before GC invocations=5 (full 0):
 garbage-first heap   total 61440K, used 40957K [0x0000000603800000, 0x0000000800000000)
  region size 4096K, 9 young (36864K), 1 survivors (4096K)
 Metaspace       used 27470K, committed 27840K, reserved 1114112K
  class space    used 3047K, committed 3200K, reserved 1048576K
}
Event: 1.035 GC heap after
{Heap after GC invocations=6 (full 0):
 garbage-first heap   total 61440K, used 9086K [0x0000000603800000, 0x0000000800000000)
  region size 4096K, 1 young (4096K), 1 survivors (4096K)
 Metaspace       used 27470K, committed 27840K, reserved 1114112K
  class space    used 3047K, committed 3200K, reserved 1048576K
}
Event: 1.115 GC heap before
{Heap before GC invocations=6 (full 0):
 garbage-first heap   total 61440K, used 41854K [0x0000000603800000, 0x0000000800000000)
  region size 4096K, 9 young (36864K), 1 survivors (4096K)
 Metaspace       used 30431K, committed 30784K, reserved 1114112K
  class space    used 3454K, committed 3584K, reserved 1048576K
}
Event: 1.117 GC heap after
{Heap after GC invocations=7 (full 0):
 garbage-first heap   total 61440K, used 10286K [0x0000000603800000, 0x0000000800000000)
  region size 4096K, 2 young (8192K), 2 survivors (8192K)
 Metaspace       used 30431K, committed 30784K, reserved 1114112K
  class space    used 3454K, committed 3584K, reserved 1048576K
}
Event: 1.266 GC heap before
{Heap before GC invocations=7 (full 0):
 garbage-first heap   total 61440K, used 34862K [0x0000000603800000, 0x0000000800000000)
  region size 4096K, 9 young (36864K), 2 survivors (8192K)
 Metaspace       used 32145K, committed 32512K, reserved 1114112K
  class space    used 3708K, committed 3904K, reserved 1048576K
}
Event: 1.268 GC heap after
{Heap after GC invocations=8 (full 0):
 garbage-first heap   total 61440K, used 12269K [0x0000000603800000, 0x0000000800000000)
  region size 4096K, 2 young (8192K), 2 survivors (8192K)
 Metaspace       used 32145K, committed 32512K, reserved 1114112K
  class space    used 3708K, committed 3904K, reserved 1048576K
}
Event: 1.417 GC heap before
{Heap before GC invocations=8 (full 0):
 garbage-first heap   total 61440K, used 40941K [0x0000000603800000, 0x0000000800000000)
  region size 4096K, 9 young (36864K), 2 survivors (8192K)
 Metaspace       used 33843K, committed 34240K, reserved 1114112K
  class space    used 3953K, committed 4160K, reserved 1048576K
}
Event: 1.419 GC heap after
{Heap after GC invocations=9 (full 0):
 garbage-first heap   total 294912K, used 12735K [0x0000000603800000, 0x0000000800000000)
  region size 4096K, 2 young (8192K), 2 survivors (8192K)
 Metaspace       used 33843K, committed 34240K, reserved 1114112K
  class space    used 3953K, committed 4160K, reserved 1048576K
}
Event: 1.529 GC heap before
{Heap before GC invocations=9 (full 0):
 garbage-first heap   total 294912K, used 29119K [0x0000000603800000, 0x0000000800000000)
  region size 4096K, 7 young (28672K), 2 survivors (8192K)
 Metaspace       used 35493K, committed 35968K, reserved 1114112K
  class space    used 4199K, committed 4416K, reserved 1048576K
}
Event: 1.531 GC heap after
{Heap after GC invocations=10 (full 0):
 garbage-first heap   total 294912K, used 13120K [0x0000000603800000, 0x0000000800000000)
  region size 4096K, 2 young (8192K), 2 survivors (8192K)
 Metaspace       used 35493K, committed 35968K, reserved 1114112K
  class space    used 4199K, committed 4416K, reserved 1048576K
}
Event: 1.717 GC heap before
{Heap before GC invocations=11 (full 0):
 garbage-first heap   total 69632K, used 45888K [0x0000000603800000, 0x0000000800000000)
  region size 4096K, 10 young (40960K), 2 survivors (8192K)
 Metaspace       used 38273K, committed 38848K, reserved 1114112K
  class space    used 4605K, committed 4864K, reserved 1048576K
}
Event: 1.719 GC heap after
{Heap after GC invocations=12 (full 0):
 garbage-first heap   total 69632K, used 15474K [0x0000000603800000, 0x0000000800000000)
  region size 4096K, 2 young (8192K), 2 survivors (8192K)
 Metaspace       used 38273K, committed 38848K, reserved 1114112K
  class space    used 4605K, committed 4864K, reserved 1048576K
}
Event: 1.923 GC heap before
{Heap before GC invocations=12 (full 0):
 garbage-first heap   total 69632K, used 48242K [0x0000000603800000, 0x0000000800000000)
  region size 4096K, 10 young (40960K), 2 survivors (8192K)
 Metaspace       used 42129K, committed 42752K, reserved 1114112K
  class space    used 5060K, committed 5312K, reserved 1048576K
}
Event: 1.925 GC heap after
{Heap after GC invocations=13 (full 0):
 garbage-first heap   total 69632K, used 16894K [0x0000000603800000, 0x0000000800000000)
  region size 4096K, 2 young (8192K), 2 survivors (8192K)
 Metaspace       used 42129K, committed 42752K, reserved 1114112K
  class space    used 5060K, committed 5312K, reserved 1048576K
}

